C51 COMPILER V7.50   DHT11                                                                 08/07/2015 19:51:42 PAGE 1   


C51 COMPILER V7.50, COMPILATION OF MODULE DHT11
OBJECT MODULE PLACED IN dht11.OBJ
COMPILER INVOKED BY: F:\keilfor51\C51\BIN\C51.EXE dht11.c BROWSE DEBUG OBJECTEXTEND

line level    source

   1          #include <reg51.h>
   2          #include <intrins.h> 
   3          //
   4          typedef unsigned char  U8;       /* defined for unsigned 8-bits integer variable          无符号8位整型变量  */
   5          typedef signed   char  S8;       /* defined for signed 8-bits integer variable            有符号8位整型变量  */
   6          typedef unsigned int   U16;      /* defined for unsigned 16-bits integer variable         无符号16位整型变量 */
   7          typedef signed   int   S16;      /* defined for signed 16-bits integer variable           有符号16位整型变量 */
   8          typedef unsigned long  U32;      /* defined for unsigned 32-bits integer variable         无符号32位整型变量 */
   9          typedef signed   long  S32;      /* defined for signed 32-bits integer variable           有符号32位整型变量 */
  10          typedef float          F32;      /* single precision floating point variable (32bits) 单精度浮点数（32位长
             -度） */
  11          typedef double         F64;      /* double precision floating point variable (64bits) 双精度浮点数（64位长
             -度） */
  12          //
  13          #define uchar unsigned char
  14          #define uint unsigned int
  15          #define   Data_0_time    4
  16          
  17          //----------------------------------------------//
  18          //----------------IO口定义区--------------------//
  19          //----------------------------------------------//
  20          sbit  P2_0  = P2^0 ;
  21          
  22          //----------------------------------------------//
  23          //----------------定义区--------------------//
  24          //----------------------------------------------//
  25          U8  U8FLAG,k;
  26          U8  U8count,U8temp;
  27          U8  U8T_data_H,U8T_data_L,U8RH_data_H,U8RH_data_L,U8checkdata;
  28          U8  U8T_data_H_temp,U8T_data_L_temp,U8RH_data_H_temp,U8RH_data_L_temp,U8checkdata_temp;
  29          U8  U8comdata;
  30          U8  outdata[5];  //定义发送的字节数        
  31          U8  indata[5];
  32          U8  count, count_r=0;
  33          U8  str[5]={"RS232"};
  34          U16 U16temp1,U16temp2;
  35          SendData(U8 *a)
  36          {
  37   1              outdata[0] = a[0]; 
  38   1              outdata[1] = a[1];
  39   1              outdata[2] = a[2];
  40   1              outdata[3] = a[3];
  41   1              outdata[4] = a[4];
  42   1              count = 1;
  43   1              SBUF=outdata[0];
  44   1      }
  45          
  46                 void Delay(U16 j)
  47              {      U8 i;
  48   1                  for(;j>0;j--)
  49   1                {     
  50   2                      for(i=0;i<27;i++);
  51   2      
  52   2                }
  53   1          }
C51 COMPILER V7.50   DHT11                                                                 08/07/2015 19:51:42 PAGE 2   

  54                 void  Delay_10us(void)
  55                {
  56   1              U8 i;
  57   1              i--;
  58   1              i--;
  59   1              i--;
  60   1              i--;
  61   1              i--;
  62   1              i--;
  63   1             }
  64                  
  65                  void  COM(void)
  66                {
  67   1           
  68   1                      U8 i;
  69   1                
  70   1             for(i=0;i<8;i++)    
  71   1                  {
  72   2                      
  73   2                          U8FLAG=2;   
  74   2                      while((!P2_0)&&U8FLAG++);
  75   2                              Delay_10us();
  76   2                          Delay_10us();
  77   2                              Delay_10us();
  78   2                              U8temp=0;
  79   2                   if(P2_0)U8temp=1;
  80   2                          U8FLAG=2;
  81   2                       while((P2_0)&&U8FLAG++);
  82   2                      //超时则跳出for循环               
  83   2                       if(U8FLAG==1)break;
  84   2                      //判断数据位是0还是1     
  85   2                         
  86   2                      // 如果高电平高过预定0高电平值则数据位为 1 
  87   2                       
  88   2                         U8comdata<<=1;
  89   2                         U8comdata|=U8temp;        //0
  90   2                   }//rof
  91   1                 
  92   1              }
  93          
  94                  //--------------------------------
  95                  //-----湿度读取子程序 ------------
  96                  //--------------------------------
  97                  //----以下变量均为全局变量--------
  98                  //----温度高8位== U8T_data_H------
  99                  //----温度低8位== U8T_data_L------
 100                  //----湿度高8位== U8RH_data_H-----
 101                  //----湿度低8位== U8RH_data_L-----
 102                  //----校验 8位 == U8checkdata-----
 103                  //----调用相关子程序如下----------
 104                  //---- Delay();, Delay_10us();,COM(); 
 105                  //--------------------------------
 106          
 107                  void RH(void)
 108                  {
 109   1                //主机拉低18ms 
 110   1             P2_0=0;
 111   1                 Delay(180);
 112   1                 P2_0=1;
 113   1               //总线由上拉电阻拉高 主机延时20us
 114   1                 Delay_10us();
 115   1                 Delay_10us();
C51 COMPILER V7.50   DHT11                                                                 08/07/2015 19:51:42 PAGE 3   

 116   1                 Delay_10us();
 117   1                 Delay_10us();
 118   1               //主机设为输入 判断从机响应信号 
 119   1                 P2_0=1;
 120   1               //判断从机是否有低电平响应信号 如不响应则跳出，响应则向下运行    
 121   1                 if(!P2_0)             //T !    
 122   1                 {
 123   2                 U8FLAG=2;
 124   2               //判断从机是否发出 80us 的低电平响应信号是否结束        
 125   2                 while((!P2_0)&&U8FLAG++);
 126   2                 U8FLAG=2;
 127   2               //判断从机是否发出 80us 的高电平，如发出则进入数据接收状态
 128   2                 while((P2_0)&&U8FLAG++);
 129   2               //数据接收状态          
 130   2                 COM();
 131   2                 U8RH_data_H_temp=U8comdata;
 132   2                 COM();
 133   2                 U8RH_data_L_temp=U8comdata;
 134   2                 COM();
 135   2                 U8T_data_H_temp=U8comdata;
 136   2                 COM();
 137   2                 U8T_data_L_temp=U8comdata;
 138   2                 COM();
 139   2                 U8checkdata_temp=U8comdata;
 140   2                 P2_0=1;
 141   2               //数据校验 
 142   2               
 143   2                 U8temp=(U8T_data_H_temp+U8T_data_L_temp+U8RH_data_H_temp+U8RH_data_L_temp);
 144   2                 if(U8temp==U8checkdata_temp)
 145   2                 {
 146   3                        U8RH_data_H=U8RH_data_H_temp;
 147   3                        U8RH_data_L=U8RH_data_L_temp;
 148   3                        U8T_data_H=U8T_data_H_temp;
 149   3                        U8T_data_L=U8T_data_L_temp;
 150   3                        U8checkdata=U8checkdata_temp;
 151   3                 }//fi
 152   2                 }//fi
 153   1      
 154   1              }
 155          U8 flag;        
 156          void main()
 157          {
 158   1              TMOD = 0x20;      //定时器T1使用工作方式2
 159   1              TH1 = 253;        // 设置初值
 160   1              TL1 = 253;
 161   1              TR1 = 1;          // 开始计时
 162   1              SCON = 0x50;      //工作方式1，波特率9600bps，允许接收   
 163   1              ES = 1;
 164   1              EA = 1;           // 打开所以中断   
 165   1              TI = 0;
 166   1              RI = 0;
 167   1              SendData(str) ;   //发送到串口 
 168   1              Delay(1);         //延时100US（12M晶振)
 169   1              while(1)
 170   1              {  
 171   2                      RH();
 172   2                      //Delay(20000);
 173   2                  str[0]=U8RH_data_H;
 174   2                  str[1]=U8RH_data_L;
 175   2                  str[2]=U8T_data_H;
 176   2                  str[3]=U8T_data_L;
 177   2                  str[4]=U8checkdata;
C51 COMPILER V7.50   DHT11                                                                 08/07/2015 19:51:42 PAGE 4   

 178   2                  if(flag)
 179   2                  {   
 180   3                              flag=0;
 181   3                              SendData(str) ;  //发送到串口  
 182   3                      }
 183   2              }       
 184   1      }
 185          
 186          void RSINTR() interrupt 4 using 2
 187          {
 188   1              if(TI==1) //发送中断      
 189   1              {
 190   2                      TI=0;
 191   2                      if(count!=5) //发送完5位数据     
 192   2                      {
 193   3                              SBUF= outdata[count];
 194   3                              count++;
 195   3                      }
 196   2              }
 197   1              if(RI==1)        //接收中断               
 198   1              {
 199   2                      flag=1;
 200   2                      RI=0;                                                            
 201   2              }
 202   1      }
 203          


MODULE INFORMATION:   STATIC OVERLAYABLE
   CODE SIZE        =    376    ----
   CONSTANT SIZE    =   ----    ----
   XDATA SIZE       =   ----    ----
   PDATA SIZE       =   ----    ----
   DATA SIZE        =     37       1
   IDATA SIZE       =   ----    ----
   BIT SIZE         =   ----    ----
END OF MODULE INFORMATION.


C51 COMPILATION COMPLETE.  0 WARNING(S),  0 ERROR(S)
